08-25 22:11:23 INFO  [AWT-EventQueue-0] com.avancet.game.rougelike.helper.GameLogger: GameLogger is initialized.
08-25 22:11:23 INFO  [AWT-EventQueue-0] com.avancet.game.rougelike.helper.GameLogger: Key s was pressed
08-25 22:11:24 INFO  [AWT-EventQueue-0] com.avancet.game.rougelike.helper.GameLogger: Key d was pressed
08-25 22:11:25 INFO  [AWT-EventQueue-0] com.avancet.game.rougelike.helper.GameLogger: Key w was pressed
08-25 22:11:25 INFO  [AWT-EventQueue-0] com.avancet.game.rougelike.helper.GameLogger: Key a was pressed
08-25 22:11:26 INFO  [AWT-EventQueue-0] com.avancet.game.rougelike.helper.GameLogger: Key s was pressed
08-25 22:11:26 INFO  [AWT-EventQueue-0] com.avancet.game.rougelike.helper.GameLogger: Key d was pressed
08-25 22:11:27 INFO  [AWT-EventQueue-0] com.avancet.game.rougelike.helper.GameLogger: Key d was pressed
08-25 22:11:27 INFO  [AWT-EventQueue-0] com.avancet.game.rougelike.helper.GameLogger: Key d was pressed
08-25 22:11:27 INFO  [AWT-EventQueue-0] com.avancet.game.rougelike.helper.GameLogger: Key s was pressed
08-25 22:11:28 INFO  [AWT-EventQueue-0] com.avancet.game.rougelike.helper.GameLogger: Key s was pressed
08-25 22:11:28 INFO  [AWT-EventQueue-0] com.avancet.game.rougelike.helper.GameLogger: Key s was pressed
08-25 22:11:28 INFO  [AWT-EventQueue-0] com.avancet.game.rougelike.helper.GameLogger: Key d was pressed
08-25 22:11:28 INFO  [AWT-EventQueue-0] com.avancet.game.rougelike.helper.GameLogger: Key w was pressed
08-25 22:11:29 INFO  [AWT-EventQueue-0] com.avancet.game.rougelike.helper.GameLogger: Key a was pressed
08-25 22:11:29 INFO  [AWT-EventQueue-0] com.avancet.game.rougelike.helper.GameLogger: Key a was pressed
08-25 22:11:29 INFO  [AWT-EventQueue-0] com.avancet.game.rougelike.helper.GameLogger: Key s was pressed
08-25 22:11:29 INFO  [AWT-EventQueue-0] com.avancet.game.rougelike.helper.GameLogger: Key s was pressed
08-25 22:11:30 INFO  [AWT-EventQueue-0] com.avancet.game.rougelike.helper.GameLogger: Key a was pressed
08-25 22:11:30 INFO  [AWT-EventQueue-0] com.avancet.game.rougelike.helper.GameLogger: Key a was pressed
